OpenJDK 64-Bit Server VM warning: Option UseConcMarkSweepGC was deprecated in version 9.0 and will likely be removed in a future release.
2019-12-03 19:23:53,316 [ 127075]   WARN - com.intellij.util.xmlb.Binding - no accessors for class org.jetbrains.kotlin.idea.highlighter.KotlinDefaultHighlightingSettingsProvider 
2019-12-03 19:25:07,768 [ 201527]   WARN - com.intellij.ide.IdeEventQueue - System clock's jumped back by ~1 sec 
2019-12-03 21:16:25,752 [6879511]   WARN - dea.updater.SdkComponentSource - IO exception while downloading manifest 
java.net.SocketTimeoutException: connect timed out
	at java.base/java.net.PlainSocketImpl.socketConnect(Native Method)
	at java.base/java.net.AbstractPlainSocketImpl.doConnect(AbstractPlainSocketImpl.java:399)
	at java.base/java.net.AbstractPlainSocketImpl.connectToAddress(AbstractPlainSocketImpl.java:242)
	at java.base/java.net.AbstractPlainSocketImpl.connect(AbstractPlainSocketImpl.java:224)
	at java.base/java.net.SocksSocketImpl.connect(SocksSocketImpl.java:403)
	at java.base/java.net.Socket.connect(Socket.java:591)
	at java.base/sun.security.ssl.SSLSocketImpl.connect(SSLSocketImpl.java:285)
	at java.base/sun.net.NetworkClient.doConnect(NetworkClient.java:177)
	at java.base/sun.net.www.http.HttpClient.openServer(HttpClient.java:474)
	at java.base/sun.net.www.http.HttpClient.openServer(HttpClient.java:569)
	at java.base/sun.net.www.protocol.https.HttpsClient.<init>(HttpsClient.java:265)
	at java.base/sun.net.www.protocol.https.HttpsClient.New(HttpsClient.java:372)
	at java.base/sun.net.www.protocol.https.AbstractDelegateHttpsURLConnection.getNewHttpClient(AbstractDelegateHttpsURLConnection.java:191)
	at java.base/sun.net.www.protocol.http.HttpURLConnection.plainConnect0(HttpURLConnection.java:1227)
	at java.base/sun.net.www.protocol.http.HttpURLConnection.plainConnect(HttpURLConnection.java:1081)
	at java.base/sun.net.www.protocol.https.AbstractDelegateHttpsURLConnection.connect(AbstractDelegateHttpsURLConnection.java:177)
	at java.base/sun.net.www.protocol.http.HttpURLConnection.getInputStream0(HttpURLConnection.java:1587)
	at java.base/sun.net.www.protocol.http.HttpURLConnection.getInputStream(HttpURLConnection.java:1515)
	at java.base/java.net.HttpURLConnection.getResponseCode(HttpURLConnection.java:527)
	at java.base/sun.net.www.protocol.https.HttpsURLConnectionImpl.getResponseCode(HttpsURLConnectionImpl.java:334)
	at com.intellij.util.io.HttpRequests.openConnection(HttpRequests.java:626)
	at com.intellij.util.io.HttpRequests.access$300(HttpRequests.java:61)
	at com.intellij.util.io.HttpRequests$RequestImpl.getConnection(HttpRequests.java:389)
	at com.android.tools.idea.sdk.StudioDownloader.lambda$doDownloadFully$1(StudioDownloader.java:140)
	at com.intellij.util.io.HttpRequests.doProcess(HttpRequests.java:537)
	at com.intellij.util.io.HttpRequests.process(HttpRequests.java:513)
	at com.intellij.util.io.HttpRequests.access$100(HttpRequests.java:61)
	at com.intellij.util.io.HttpRequests$RequestBuilderImpl.connect(HttpRequests.java:363)
	at com.android.tools.idea.sdk.StudioDownloader.doDownloadFully(StudioDownloader.java:139)
	at com.android.tools.idea.sdk.StudioDownloader.downloadFully(StudioDownloader.java:99)
	at com.android.tools.idea.sdk.StudioDownloader.downloadFully(StudioDownloader.java:154)
	at com.android.tools.idea.sdk.StudioDownloader.downloadAndStream(StudioDownloader.java:89)
	at com.android.repository.impl.manager.RemoteRepoLoaderImpl.lambda$fetchPackages$0(RemoteRepoLoaderImpl.java:139)
	at java.base/java.util.concurrent.Executors$RunnableAdapter.call(Executors.java:515)
	at java.base/java.util.concurrent.FutureTask.run(FutureTask.java:264)
	at java.base/java.util.concurrent.ThreadPoolExecutor.runWorker(ThreadPoolExecutor.java:1128)
	at java.base/java.util.concurrent.ThreadPoolExecutor$Worker.run(ThreadPoolExecutor.java:628)
	at java.base/java.lang.Thread.run(Thread.java:834)
2019-12-03 21:16:25,754 [6879513]   WARN - dea.updater.SdkComponentSource - IO exception while downloading manifest 
java.net.SocketTimeoutException: connect timed out
	at java.base/java.net.PlainSocketImpl.socketConnect(Native Method)
	at java.base/java.net.AbstractPlainSocketImpl.doConnect(AbstractPlainSocketImpl.java:399)
	at java.base/java.net.AbstractPlainSocketImpl.connectToAddress(AbstractPlainSocketImpl.java:242)
	at java.base/java.net.AbstractPlainSocketImpl.connect(AbstractPlainSocketImpl.java:224)
	at java.base/java.net.SocksSocketImpl.connect(SocksSocketImpl.java:403)
	at java.base/java.net.Socket.connect(Socket.java:591)
	at java.base/sun.security.ssl.SSLSocketImpl.connect(SSLSocketImpl.java:285)
	at java.base/sun.net.NetworkClient.doConnect(NetworkClient.java:177)
	at java.base/sun.net.www.http.HttpClient.openServer(HttpClient.java:474)
	at java.base/sun.net.www.http.HttpClient.openServer(HttpClient.java:569)
	at java.base/sun.net.www.protocol.https.HttpsClient.<init>(HttpsClient.java:265)
	at java.base/sun.net.www.protocol.https.HttpsClient.New(HttpsClient.java:372)
	at java.base/sun.net.www.protocol.https.AbstractDelegateHttpsURLConnection.getNewHttpClient(AbstractDelegateHttpsURLConnection.java:191)
	at java.base/sun.net.www.protocol.http.HttpURLConnection.plainConnect0(HttpURLConnection.java:1227)
	at java.base/sun.net.www.protocol.http.HttpURLConnection.plainConnect(HttpURLConnection.java:1081)
	at java.base/sun.net.www.protocol.https.AbstractDelegateHttpsURLConnection.connect(AbstractDelegateHttpsURLConnection.java:177)
	at java.base/sun.net.www.protocol.http.HttpURLConnection.getInputStream0(HttpURLConnection.java:1587)
	at java.base/sun.net.www.protocol.http.HttpURLConnection.getInputStream(HttpURLConnection.java:1515)
	at java.base/java.net.HttpURLConnection.getResponseCode(HttpURLConnection.java:527)
	at java.base/sun.net.www.protocol.https.HttpsURLConnectionImpl.getResponseCode(HttpsURLConnectionImpl.java:334)
	at com.intellij.util.io.HttpRequests.openConnection(HttpRequests.java:626)
	at com.intellij.util.io.HttpRequests.access$300(HttpRequests.java:61)
	at com.intellij.util.io.HttpRequests$RequestImpl.getConnection(HttpRequests.java:389)
	at com.android.tools.idea.sdk.StudioDownloader.lambda$doDownloadFully$1(StudioDownloader.java:140)
	at com.intellij.util.io.HttpRequests.doProcess(HttpRequests.java:537)
	at com.intellij.util.io.HttpRequests.process(HttpRequests.java:513)
	at com.intellij.util.io.HttpRequests.access$100(HttpRequests.java:61)
	at com.intellij.util.io.HttpRequests$RequestBuilderImpl.connect(HttpRequests.java:363)
	at com.android.tools.idea.sdk.StudioDownloader.doDownloadFully(StudioDownloader.java:139)
	at com.android.tools.idea.sdk.StudioDownloader.downloadFully(StudioDownloader.java:99)
	at com.android.tools.idea.sdk.StudioDownloader.downloadFully(StudioDownloader.java:154)
	at com.android.tools.idea.sdk.StudioDownloader.downloadAndStream(StudioDownloader.java:89)
	at com.android.repository.impl.manager.RemoteRepoLoaderImpl.lambda$fetchPackages$0(RemoteRepoLoaderImpl.java:139)
	at java.base/java.util.concurrent.Executors$RunnableAdapter.call(Executors.java:515)
	at java.base/java.util.concurrent.FutureTask.run(FutureTask.java:264)
	at java.base/java.util.concurrent.ThreadPoolExecutor.runWorker(ThreadPoolExecutor.java:1128)
	at java.base/java.util.concurrent.ThreadPoolExecutor$Worker.run(ThreadPoolExecutor.java:628)
	at java.base/java.lang.Thread.run(Thread.java:834)
2019-12-03 21:16:25,752 [6879511]   WARN - dea.updater.SdkComponentSource - IO exception while downloading manifest 
java.net.SocketTimeoutException: connect timed out
	at java.base/java.net.PlainSocketImpl.socketConnect(Native Method)
	at java.base/java.net.AbstractPlainSocketImpl.doConnect(AbstractPlainSocketImpl.java:399)
	at java.base/java.net.AbstractPlainSocketImpl.connectToAddress(AbstractPlainSocketImpl.java:242)
	at java.base/java.net.AbstractPlainSocketImpl.connect(AbstractPlainSocketImpl.java:224)
	at java.base/java.net.SocksSocketImpl.connect(SocksSocketImpl.java:403)
	at java.base/java.net.Socket.connect(Socket.java:591)
	at java.base/sun.security.ssl.SSLSocketImpl.connect(SSLSocketImpl.java:285)
	at java.base/sun.net.NetworkClient.doConnect(NetworkClient.java:177)
	at java.base/sun.net.www.http.HttpClient.openServer(HttpClient.java:474)
	at java.base/sun.net.www.http.HttpClient.openServer(HttpClient.java:569)
	at java.base/sun.net.www.protocol.https.HttpsClient.<init>(HttpsClient.java:265)
	at java.base/sun.net.www.protocol.https.HttpsClient.New(HttpsClient.java:372)
	at java.base/sun.net.www.protocol.https.AbstractDelegateHttpsURLConnection.getNewHttpClient(AbstractDelegateHttpsURLConnection.java:191)
	at java.base/sun.net.www.protocol.http.HttpURLConnection.plainConnect0(HttpURLConnection.java:1227)
	at java.base/sun.net.www.protocol.http.HttpURLConnection.plainConnect(HttpURLConnection.java:1081)
	at java.base/sun.net.www.protocol.https.AbstractDelegateHttpsURLConnection.connect(AbstractDelegateHttpsURLConnection.java:177)
	at java.base/sun.net.www.protocol.http.HttpURLConnection.getInputStream0(HttpURLConnection.java:1587)
	at java.base/sun.net.www.protocol.http.HttpURLConnection.getInputStream(HttpURLConnection.java:1515)
	at java.base/java.net.HttpURLConnection.getResponseCode(HttpURLConnection.java:527)
	at java.base/sun.net.www.protocol.https.HttpsURLConnectionImpl.getResponseCode(HttpsURLConnectionImpl.java:334)
	at com.intellij.util.io.HttpRequests.openConnection(HttpRequests.java:626)
	at com.intellij.util.io.HttpRequests.access$300(HttpRequests.java:61)
	at com.intellij.util.io.HttpRequests$RequestImpl.getConnection(HttpRequests.java:389)
	at com.android.tools.idea.sdk.StudioDownloader.lambda$doDownloadFully$1(StudioDownloader.java:140)
	at com.intellij.util.io.HttpRequests.doProcess(HttpRequests.java:537)
	at com.intellij.util.io.HttpRequests.process(HttpRequests.java:513)
	at com.intellij.util.io.HttpRequests.access$100(HttpRequests.java:61)
	at com.intellij.util.io.HttpRequests$RequestBuilderImpl.connect(HttpRequests.java:363)
	at com.android.tools.idea.sdk.StudioDownloader.doDownloadFully(StudioDownloader.java:139)
	at com.android.tools.idea.sdk.StudioDownloader.downloadFully(StudioDownloader.java:99)
	at com.android.tools.idea.sdk.StudioDownloader.downloadFully(StudioDownloader.java:154)
	at com.android.tools.idea.sdk.StudioDownloader.downloadAndStream(StudioDownloader.java:89)
	at com.android.repository.impl.manager.RemoteRepoLoaderImpl.lambda$fetchPackages$0(RemoteRepoLoaderImpl.java:139)
	at java.base/java.util.concurrent.Executors$RunnableAdapter.call(Executors.java:515)
	at java.base/java.util.concurrent.FutureTask.run(FutureTask.java:264)
	at java.base/java.util.concurrent.ThreadPoolExecutor.runWorker(ThreadPoolExecutor.java:1128)
	at java.base/java.util.concurrent.ThreadPoolExecutor$Worker.run(ThreadPoolExecutor.java:628)
	at java.base/java.lang.Thread.run(Thread.java:834)
2019-12-03 21:16:25,752 [6879511]   WARN - dea.updater.SdkComponentSource - IO exception while downloading manifest 
java.net.SocketTimeoutException: connect timed out
	at java.base/java.net.PlainSocketImpl.socketConnect(Native Method)
	at java.base/java.net.AbstractPlainSocketImpl.doConnect(AbstractPlainSocketImpl.java:399)
	at java.base/java.net.AbstractPlainSocketImpl.connectToAddress(AbstractPlainSocketImpl.java:242)
	at java.base/java.net.AbstractPlainSocketImpl.connect(AbstractPlainSocketImpl.java:224)
	at java.base/java.net.SocksSocketImpl.connect(SocksSocketImpl.java:403)
	at java.base/java.net.Socket.connect(Socket.java:591)
	at java.base/sun.security.ssl.SSLSocketImpl.connect(SSLSocketImpl.java:285)
	at java.base/sun.net.NetworkClient.doConnect(NetworkClient.java:177)
	at java.base/sun.net.www.http.HttpClient.openServer(HttpClient.java:474)
	at java.base/sun.net.www.http.HttpClient.openServer(HttpClient.java:569)
	at java.base/sun.net.www.protocol.https.HttpsClient.<init>(HttpsClient.java:265)
	at java.base/sun.net.www.protocol.https.HttpsClient.New(HttpsClient.java:372)
	at java.base/sun.net.www.protocol.https.AbstractDelegateHttpsURLConnection.getNewHttpClient(AbstractDelegateHttpsURLConnection.java:191)
	at java.base/sun.net.www.protocol.http.HttpURLConnection.plainConnect0(HttpURLConnection.java:1227)
	at java.base/sun.net.www.protocol.http.HttpURLConnection.plainConnect(HttpURLConnection.java:1081)
	at java.base/sun.net.www.protocol.https.AbstractDelegateHttpsURLConnection.connect(AbstractDelegateHttpsURLConnection.java:177)
	at java.base/sun.net.www.protocol.http.HttpURLConnection.getInputStream0(HttpURLConnection.java:1587)
	at java.base/sun.net.www.protocol.http.HttpURLConnection.getInputStream(HttpURLConnection.java:1515)
	at java.base/java.net.HttpURLConnection.getResponseCode(HttpURLConnection.java:527)
	at java.base/sun.net.www.protocol.https.HttpsURLConnectionImpl.getResponseCode(HttpsURLConnectionImpl.java:334)
	at com.intellij.util.io.HttpRequests.openConnection(HttpRequests.java:626)
	at com.intellij.util.io.HttpRequests.access$300(HttpRequests.java:61)
	at com.intellij.util.io.HttpRequests$RequestImpl.getConnection(HttpRequests.java:389)
	at com.android.tools.idea.sdk.StudioDownloader.lambda$doDownloadFully$1(StudioDownloader.java:140)
	at com.intellij.util.io.HttpRequests.doProcess(HttpRequests.java:537)
	at com.intellij.util.io.HttpRequests.process(HttpRequests.java:513)
	at com.intellij.util.io.HttpRequests.access$100(HttpRequests.java:61)
	at com.intellij.util.io.HttpRequests$RequestBuilderImpl.connect(HttpRequests.java:363)
	at com.android.tools.idea.sdk.StudioDownloader.doDownloadFully(StudioDownloader.java:139)
	at com.android.tools.idea.sdk.StudioDownloader.downloadFully(StudioDownloader.java:99)
	at com.android.tools.idea.sdk.StudioDownloader.downloadFully(StudioDownloader.java:154)
	at com.android.tools.idea.sdk.StudioDownloader.downloadAndStream(StudioDownloader.java:89)
	at com.android.repository.impl.manager.RemoteRepoLoaderImpl.lambda$fetchPackages$0(RemoteRepoLoaderImpl.java:139)
	at java.base/java.util.concurrent.Executors$RunnableAdapter.call(Executors.java:515)
	at java.base/java.util.concurrent.FutureTask.run(FutureTask.java:264)
	at java.base/java.util.concurrent.ThreadPoolExecutor.runWorker(ThreadPoolExecutor.java:1128)
	at java.base/java.util.concurrent.ThreadPoolExecutor$Worker.run(ThreadPoolExecutor.java:628)
	at java.base/java.lang.Thread.run(Thread.java:834)
2019-12-03 21:16:25,752 [6879511]   WARN - dea.updater.SdkComponentSource - IO exception while downloading manifest 
java.net.SocketTimeoutException: connect timed out
	at java.base/java.net.PlainSocketImpl.socketConnect(Native Method)
	at java.base/java.net.AbstractPlainSocketImpl.doConnect(AbstractPlainSocketImpl.java:399)
	at java.base/java.net.AbstractPlainSocketImpl.connectToAddress(AbstractPlainSocketImpl.java:242)
	at java.base/java.net.AbstractPlainSocketImpl.connect(AbstractPlainSocketImpl.java:224)
	at java.base/java.net.SocksSocketImpl.connect(SocksSocketImpl.java:403)
	at java.base/java.net.Socket.connect(Socket.java:591)
	at java.base/sun.security.ssl.SSLSocketImpl.connect(SSLSocketImpl.java:285)
	at java.base/sun.net.NetworkClient.doConnect(NetworkClient.java:177)
	at java.base/sun.net.www.http.HttpClient.openServer(HttpClient.java:474)
	at java.base/sun.net.www.http.HttpClient.openServer(HttpClient.java:569)
	at java.base/sun.net.www.protocol.https.HttpsClient.<init>(HttpsClient.java:265)
	at java.base/sun.net.www.protocol.https.HttpsClient.New(HttpsClient.java:372)
	at java.base/sun.net.www.protocol.https.AbstractDelegateHttpsURLConnection.getNewHttpClient(AbstractDelegateHttpsURLConnection.java:191)
	at java.base/sun.net.www.protocol.http.HttpURLConnection.plainConnect0(HttpURLConnection.java:1227)
	at java.base/sun.net.www.protocol.http.HttpURLConnection.plainConnect(HttpURLConnection.java:1081)
	at java.base/sun.net.www.protocol.https.AbstractDelegateHttpsURLConnection.connect(AbstractDelegateHttpsURLConnection.java:177)
	at java.base/sun.net.www.protocol.http.HttpURLConnection.getInputStream0(HttpURLConnection.java:1587)
	at java.base/sun.net.www.protocol.http.HttpURLConnection.getInputStream(HttpURLConnection.java:1515)
	at java.base/java.net.HttpURLConnection.getResponseCode(HttpURLConnection.java:527)
	at java.base/sun.net.www.protocol.https.HttpsURLConnectionImpl.getResponseCode(HttpsURLConnectionImpl.java:334)
	at com.intellij.util.io.HttpRequests.openConnection(HttpRequests.java:626)
	at com.intellij.util.io.HttpRequests.access$300(HttpRequests.java:61)
	at com.intellij.util.io.HttpRequests$RequestImpl.getConnection(HttpRequests.java:389)
	at com.android.tools.idea.sdk.StudioDownloader.lambda$doDownloadFully$1(StudioDownloader.java:140)
	at com.intellij.util.io.HttpRequests.doProcess(HttpRequests.java:537)
	at com.intellij.util.io.HttpRequests.process(HttpRequests.java:513)
	at com.intellij.util.io.HttpRequests.access$100(HttpRequests.java:61)
	at com.intellij.util.io.HttpRequests$RequestBuilderImpl.connect(HttpRequests.java:363)
	at com.android.tools.idea.sdk.StudioDownloader.doDownloadFully(StudioDownloader.java:139)
	at com.android.tools.idea.sdk.StudioDownloader.downloadFully(StudioDownloader.java:99)
	at com.android.tools.idea.sdk.StudioDownloader.downloadFully(StudioDownloader.java:154)
	at com.android.tools.idea.sdk.StudioDownloader.downloadAndStream(StudioDownloader.java:89)
	at com.android.repository.impl.manager.RemoteRepoLoaderImpl.lambda$fetchPackages$0(RemoteRepoLoaderImpl.java:139)
	at java.base/java.util.concurrent.Executors$RunnableAdapter.call(Executors.java:515)
	at java.base/java.util.concurrent.FutureTask.run(FutureTask.java:264)
	at java.base/java.util.concurrent.ThreadPoolExecutor.runWorker(ThreadPoolExecutor.java:1128)
	at java.base/java.util.concurrent.ThreadPoolExecutor$Worker.run(ThreadPoolExecutor.java:628)
	at java.base/java.lang.Thread.run(Thread.java:834)
2019-12-03 21:16:25,752 [6879511]   WARN - dea.updater.SdkComponentSource - IO exception while downloading manifest 
java.net.SocketTimeoutException: connect timed out
	at java.base/java.net.PlainSocketImpl.socketConnect(Native Method)
	at java.base/java.net.AbstractPlainSocketImpl.doConnect(AbstractPlainSocketImpl.java:399)
	at java.base/java.net.AbstractPlainSocketImpl.connectToAddress(AbstractPlainSocketImpl.java:242)
	at java.base/java.net.AbstractPlainSocketImpl.connect(AbstractPlainSocketImpl.java:224)
	at java.base/java.net.SocksSocketImpl.connect(SocksSocketImpl.java:403)
	at java.base/java.net.Socket.connect(Socket.java:591)
	at java.base/sun.security.ssl.SSLSocketImpl.connect(SSLSocketImpl.java:285)
	at java.base/sun.net.NetworkClient.doConnect(NetworkClient.java:177)
	at java.base/sun.net.www.http.HttpClient.openServer(HttpClient.java:474)
	at java.base/sun.net.www.http.HttpClient.openServer(HttpClient.java:569)
	at java.base/sun.net.www.protocol.https.HttpsClient.<init>(HttpsClient.java:265)
	at java.base/sun.net.www.protocol.https.HttpsClient.New(HttpsClient.java:372)
	at java.base/sun.net.www.protocol.https.AbstractDelegateHttpsURLConnection.getNewHttpClient(AbstractDelegateHttpsURLConnection.java:191)
	at java.base/sun.net.www.protocol.http.HttpURLConnection.plainConnect0(HttpURLConnection.java:1227)
	at java.base/sun.net.www.protocol.http.HttpURLConnection.plainConnect(HttpURLConnection.java:1081)
	at java.base/sun.net.www.protocol.https.AbstractDelegateHttpsURLConnection.connect(AbstractDelegateHttpsURLConnection.java:177)
	at java.base/sun.net.www.protocol.http.HttpURLConnection.getInputStream0(HttpURLConnection.java:1587)
	at java.base/sun.net.www.protocol.http.HttpURLConnection.getInputStream(HttpURLConnection.java:1515)
	at java.base/java.net.HttpURLConnection.getResponseCode(HttpURLConnection.java:527)
	at java.base/sun.net.www.protocol.https.HttpsURLConnectionImpl.getResponseCode(HttpsURLConnectionImpl.java:334)
	at com.intellij.util.io.HttpRequests.openConnection(HttpRequests.java:626)
	at com.intellij.util.io.HttpRequests.access$300(HttpRequests.java:61)
	at com.intellij.util.io.HttpRequests$RequestImpl.getConnection(HttpRequests.java:389)
	at com.android.tools.idea.sdk.StudioDownloader.lambda$doDownloadFully$1(StudioDownloader.java:140)
	at com.intellij.util.io.HttpRequests.doProcess(HttpRequests.java:537)
	at com.intellij.util.io.HttpRequests.process(HttpRequests.java:513)
	at com.intellij.util.io.HttpRequests.access$100(HttpRequests.java:61)
	at com.intellij.util.io.HttpRequests$RequestBuilderImpl.connect(HttpRequests.java:363)
	at com.android.tools.idea.sdk.StudioDownloader.doDownloadFully(StudioDownloader.java:139)
	at com.android.tools.idea.sdk.StudioDownloader.downloadFully(StudioDownloader.java:99)
	at com.android.tools.idea.sdk.StudioDownloader.downloadFully(StudioDownloader.java:154)
	at com.android.tools.idea.sdk.StudioDownloader.downloadAndStream(StudioDownloader.java:89)
	at com.android.repository.impl.manager.RemoteRepoLoaderImpl.lambda$fetchPackages$0(RemoteRepoLoaderImpl.java:139)
	at java.base/java.util.concurrent.Executors$RunnableAdapter.call(Executors.java:515)
	at java.base/java.util.concurrent.FutureTask.run(FutureTask.java:264)
	at java.base/java.util.concurrent.ThreadPoolExecutor.runWorker(ThreadPoolExecutor.java:1128)
	at java.base/java.util.concurrent.ThreadPoolExecutor$Worker.run(ThreadPoolExecutor.java:628)
	at java.base/java.lang.Thread.run(Thread.java:834)
2019-12-03 21:16:25,752 [6879511]   WARN - dea.updater.SdkComponentSource - IO exception while downloading manifest 
java.net.SocketTimeoutException: connect timed out
	at java.base/java.net.PlainSocketImpl.socketConnect(Native Method)
	at java.base/java.net.AbstractPlainSocketImpl.doConnect(AbstractPlainSocketImpl.java:399)
	at java.base/java.net.AbstractPlainSocketImpl.connectToAddress(AbstractPlainSocketImpl.java:242)
	at java.base/java.net.AbstractPlainSocketImpl.connect(AbstractPlainSocketImpl.java:224)
	at java.base/java.net.SocksSocketImpl.connect(SocksSocketImpl.java:403)
	at java.base/java.net.Socket.connect(Socket.java:591)
	at java.base/sun.security.ssl.SSLSocketImpl.connect(SSLSocketImpl.java:285)
	at java.base/sun.net.NetworkClient.doConnect(NetworkClient.java:177)
	at java.base/sun.net.www.http.HttpClient.openServer(HttpClient.java:474)
	at java.base/sun.net.www.http.HttpClient.openServer(HttpClient.java:569)
	at java.base/sun.net.www.protocol.https.HttpsClient.<init>(HttpsClient.java:265)
	at java.base/sun.net.www.protocol.https.HttpsClient.New(HttpsClient.java:372)
	at java.base/sun.net.www.protocol.https.AbstractDelegateHttpsURLConnection.getNewHttpClient(AbstractDelegateHttpsURLConnection.java:191)
	at java.base/sun.net.www.protocol.http.HttpURLConnection.plainConnect0(HttpURLConnection.java:1227)
	at java.base/sun.net.www.protocol.http.HttpURLConnection.plainConnect(HttpURLConnection.java:1081)
	at java.base/sun.net.www.protocol.https.AbstractDelegateHttpsURLConnection.connect(AbstractDelegateHttpsURLConnection.java:177)
	at java.base/sun.net.www.protocol.http.HttpURLConnection.getInputStream0(HttpURLConnection.java:1587)
	at java.base/sun.net.www.protocol.http.HttpURLConnection.getInputStream(HttpURLConnection.java:1515)
	at java.base/java.net.HttpURLConnection.getResponseCode(HttpURLConnection.java:527)
	at java.base/sun.net.www.protocol.https.HttpsURLConnectionImpl.getResponseCode(HttpsURLConnectionImpl.java:334)
	at com.intellij.util.io.HttpRequests.openConnection(HttpRequests.java:626)
	at com.intellij.util.io.HttpRequests.access$300(HttpRequests.java:61)
	at com.intellij.util.io.HttpRequests$RequestImpl.getConnection(HttpRequests.java:389)
	at com.android.tools.idea.sdk.StudioDownloader.lambda$doDownloadFully$1(StudioDownloader.java:140)
	at com.intellij.util.io.HttpRequests.doProcess(HttpRequests.java:537)
	at com.intellij.util.io.HttpRequests.process(HttpRequests.java:513)
	at com.intellij.util.io.HttpRequests.access$100(HttpRequests.java:61)
	at com.intellij.util.io.HttpRequests$RequestBuilderImpl.connect(HttpRequests.java:363)
	at com.android.tools.idea.sdk.StudioDownloader.doDownloadFully(StudioDownloader.java:139)
	at com.android.tools.idea.sdk.StudioDownloader.downloadFully(StudioDownloader.java:99)
	at com.android.tools.idea.sdk.StudioDownloader.downloadFully(StudioDownloader.java:154)
	at com.android.tools.idea.sdk.StudioDownloader.downloadAndStream(StudioDownloader.java:89)
	at com.android.repository.impl.manager.RemoteRepoLoaderImpl.lambda$fetchPackages$0(RemoteRepoLoaderImpl.java:139)
	at java.base/java.util.concurrent.Executors$RunnableAdapter.call(Executors.java:515)
	at java.base/java.util.concurrent.FutureTask.run(FutureTask.java:264)
	at java.base/java.util.concurrent.ThreadPoolExecutor.runWorker(ThreadPoolExecutor.java:1128)
	at java.base/java.util.concurrent.ThreadPoolExecutor$Worker.run(ThreadPoolExecutor.java:628)
	at java.base/java.lang.Thread.run(Thread.java:834)
2019-12-03 21:16:25,752 [6879511]   WARN - dea.updater.SdkComponentSource - IO exception while downloading manifest 
java.net.SocketTimeoutException: connect timed out
	at java.base/java.net.PlainSocketImpl.socketConnect(Native Method)
	at java.base/java.net.AbstractPlainSocketImpl.doConnect(AbstractPlainSocketImpl.java:399)
	at java.base/java.net.AbstractPlainSocketImpl.connectToAddress(AbstractPlainSocketImpl.java:242)
	at java.base/java.net.AbstractPlainSocketImpl.connect(AbstractPlainSocketImpl.java:224)
	at java.base/java.net.SocksSocketImpl.connect(SocksSocketImpl.java:403)
	at java.base/java.net.Socket.connect(Socket.java:591)
	at java.base/sun.security.ssl.SSLSocketImpl.connect(SSLSocketImpl.java:285)
	at java.base/sun.net.NetworkClient.doConnect(NetworkClient.java:177)
	at java.base/sun.net.www.http.HttpClient.openServer(HttpClient.java:474)
	at java.base/sun.net.www.http.HttpClient.openServer(HttpClient.java:569)
	at java.base/sun.net.www.protocol.https.HttpsClient.<init>(HttpsClient.java:265)
	at java.base/sun.net.www.protocol.https.HttpsClient.New(HttpsClient.java:372)
	at java.base/sun.net.www.protocol.https.AbstractDelegateHttpsURLConnection.getNewHttpClient(AbstractDelegateHttpsURLConnection.java:191)
	at java.base/sun.net.www.protocol.http.HttpURLConnection.plainConnect0(HttpURLConnection.java:1227)
	at java.base/sun.net.www.protocol.http.HttpURLConnection.plainConnect(HttpURLConnection.java:1081)
	at java.base/sun.net.www.protocol.https.AbstractDelegateHttpsURLConnection.connect(AbstractDelegateHttpsURLConnection.java:177)
	at java.base/sun.net.www.protocol.http.HttpURLConnection.getInputStream0(HttpURLConnection.java:1587)
	at java.base/sun.net.www.protocol.http.HttpURLConnection.getInputStream(HttpURLConnection.java:1515)
	at java.base/java.net.HttpURLConnection.getResponseCode(HttpURLConnection.java:527)
	at java.base/sun.net.www.protocol.https.HttpsURLConnectionImpl.getResponseCode(HttpsURLConnectionImpl.java:334)
	at com.intellij.util.io.HttpRequests.openConnection(HttpRequests.java:626)
	at com.intellij.util.io.HttpRequests.access$300(HttpRequests.java:61)
	at com.intellij.util.io.HttpRequests$RequestImpl.getConnection(HttpRequests.java:389)
	at com.android.tools.idea.sdk.StudioDownloader.lambda$doDownloadFully$1(StudioDownloader.java:140)
	at com.intellij.util.io.HttpRequests.doProcess(HttpRequests.java:537)
	at com.intellij.util.io.HttpRequests.process(HttpRequests.java:513)
	at com.intellij.util.io.HttpRequests.access$100(HttpRequests.java:61)
	at com.intellij.util.io.HttpRequests$RequestBuilderImpl.connect(HttpRequests.java:363)
	at com.android.tools.idea.sdk.StudioDownloader.doDownloadFully(StudioDownloader.java:139)
	at com.android.tools.idea.sdk.StudioDownloader.downloadFully(StudioDownloader.java:99)
	at com.android.tools.idea.sdk.StudioDownloader.downloadFully(StudioDownloader.java:154)
	at com.android.tools.idea.sdk.StudioDownloader.downloadAndStream(StudioDownloader.java:89)
	at com.android.repository.impl.manager.RemoteRepoLoaderImpl.lambda$fetchPackages$0(RemoteRepoLoaderImpl.java:139)
	at java.base/java.util.concurrent.Executors$RunnableAdapter.call(Executors.java:515)
	at java.base/java.util.concurrent.FutureTask.run(FutureTask.java:264)
	at java.base/java.util.concurrent.ThreadPoolExecutor.runWorker(ThreadPoolExecutor.java:1128)
	at java.base/java.util.concurrent.ThreadPoolExecutor$Worker.run(ThreadPoolExecutor.java:628)
	at java.base/java.lang.Thread.run(Thread.java:834)
2019-12-03 23:03:01,580 [13275339]   WARN - j.openapi.wm.impl.IdeFrameImpl - Set preferredFocusableComponent in 'Topic26BSTConvertList' content in Run tool window to avoid focus-related problems. 
2019-12-03 23:03:01,580 [13275339]   WARN - j.openapi.wm.impl.IdeFrameImpl - Topic26BSTConvertList tool window - parent container is hidden 
2019-12-03 23:37:40,836 [15354595]   WARN - j.openapi.wm.impl.IdeFrameImpl - Set preferredFocusableComponent in 'Topic26BSTConvertList' content in Debug tool window to avoid focus-related problems. 
2019-12-03 23:37:40,837 [15354596]   WARN - j.openapi.wm.impl.IdeFrameImpl - Topic26BSTConvertList tool window - parent container is hidden 
